{"numFailedTestSuites":3,"numFailedTests":4,"numPassedTestSuites":1,"numPassedTests":11,"numPendingTestSuites":0,"numPendingTests":0,"numRuntimeErrorTestSuites":0,"numTodoTests":0,"numTotalTestSuites":4,"numTotalTests":15,"openHandles":[],"snapshot":{"added":0,"didUpdate":false,"failure":false,"filesAdded":0,"filesRemoved":0,"filesRemovedList":[],"filesUnmatched":0,"filesUpdated":0,"matched":0,"total":0,"unchecked":0,"uncheckedKeysByFile":[],"unmatched":0,"updated":0},"startTime":1753341999592,"success":false,"testResults":[{"assertionResults":[{"ancestorTitles":["OrderDetails"],"failureMessages":["TestingLibraryElementError: Unable to find an element with the text: Steve. This could be because the text is broken up by multiple elements. In this case, you can provide a function for your text matcher to make your matcher more flexible.\n\nIgnored nodes: comments, script, style\n\u001b[36m<body>\u001b[39m\n  \u001b[36m<div>\u001b[39m\n    \u001b[36m<div\u001b[39m\n      \u001b[33mclass\u001b[39m=\u001b[32m\"form-container\"\u001b[39m\n    \u001b[36m>\u001b[39m\n      \u001b[36m<button\u001b[39m\n        \u001b[33mclass\u001b[39m=\u001b[32m\"btn-secondary\"\u001b[39m\n        \u001b[33mstyle\u001b[39m=\u001b[32m\"margin-bottom: 1rem;\"\u001b[39m\n      \u001b[36m>\u001b[39m\n        \u001b[0mBack to Orders\u001b[0m\n      \u001b[36m</button>\u001b[39m\n      \u001b[36m<h2>\u001b[39m\n        \u001b[0mOrder Details\u001b[0m\n      \u001b[36m</h2>\u001b[39m\n      \u001b[36m<div\u001b[39m\n        \u001b[33mclass\u001b[39m=\u001b[32m\"empty-state\"\u001b[39m\n      \u001b[36m>\u001b[39m\n        \u001b[0mLoading...\u001b[0m\n      \u001b[36m</div>\u001b[39m\n    \u001b[36m</div>\u001b[39m\n  \u001b[36m</div>\u001b[39m\n\u001b[36m</body>\u001b[39m\n    at Object.getElementError (/home/coder/project/workspace/question_generation_service/solutions/15d368e2-d5a4-49b7-b1e1-cb0ca77533c3/reactapp/node_modules/@testing-library/react/node_modules/@testing-library/dom/dist/config.js:37:19)\n    at allQuery (/home/coder/project/workspace/question_generation_service/solutions/15d368e2-d5a4-49b7-b1e1-cb0ca77533c3/reactapp/node_modules/@testing-library/react/node_modules/@testing-library/dom/dist/query-helpers.js:76:38)\n    at query (/home/coder/project/workspace/question_generation_service/solutions/15d368e2-d5a4-49b7-b1e1-cb0ca77533c3/reactapp/node_modules/@testing-library/react/node_modules/@testing-library/dom/dist/query-helpers.js:52:17)\n    at getByText (/home/coder/project/workspace/question_generation_service/solutions/15d368e2-d5a4-49b7-b1e1-cb0ca77533c3/reactapp/node_modules/@testing-library/react/node_modules/@testing-library/dom/dist/query-helpers.js:95:19)\n    at Object.<anonymous> (/home/coder/project/workspace/question_generation_service/solutions/15d368e2-d5a4-49b7-b1e1-cb0ca77533c3/reactapp/src/components/OrderDetails.test.js:32:19)\n    at processTicksAndRejections (node:internal/process/task_queues:95:5)"],"fullName":"OrderDetails renders details, items table, and Edit controls","location":null,"status":"failed","title":"renders details, items table, and Edit controls"},{"ancestorTitles":["OrderDetails"],"failureMessages":["TestingLibraryElementError: Unable to find a label with the text of: Order Status:\n\nIgnored nodes: comments, script, style\n\u001b[36m<body>\u001b[39m\n  \u001b[36m<div>\u001b[39m\n    \u001b[36m<div\u001b[39m\n      \u001b[33mclass\u001b[39m=\u001b[32m\"form-container\"\u001b[39m\n    \u001b[36m>\u001b[39m\n      \u001b[36m<button\u001b[39m\n        \u001b[33mclass\u001b[39m=\u001b[32m\"btn-secondary\"\u001b[39m\n        \u001b[33mstyle\u001b[39m=\u001b[32m\"margin-bottom: 1rem;\"\u001b[39m\n      \u001b[36m>\u001b[39m\n        \u001b[0mBack to Orders\u001b[0m\n      \u001b[36m</button>\u001b[39m\n      \u001b[36m<h2>\u001b[39m\n        \u001b[0mOrder Details\u001b[0m\n      \u001b[36m</h2>\u001b[39m\n      \u001b[36m<div\u001b[39m\n        \u001b[33mclass\u001b[39m=\u001b[32m\"empty-state\"\u001b[39m\n      \u001b[36m>\u001b[39m\n        \u001b[0mLoading...\u001b[0m\n      \u001b[36m</div>\u001b[39m\n    \u001b[36m</div>\u001b[39m\n  \u001b[36m</div>\u001b[39m\n\u001b[36m</body>\u001b[39m\n    at Object.getElementError (/home/coder/project/workspace/question_generation_service/solutions/15d368e2-d5a4-49b7-b1e1-cb0ca77533c3/reactapp/node_modules/@testing-library/react/node_modules/@testing-library/dom/dist/config.js:37:19)\n    at allQuery (/home/coder/project/workspace/question_generation_service/solutions/15d368e2-d5a4-49b7-b1e1-cb0ca77533c3/reactapp/node_modules/@testing-library/react/node_modules/@testing-library/dom/dist/queries/label-text.js:103:38)\n    at query (/home/coder/project/workspace/question_generation_service/solutions/15d368e2-d5a4-49b7-b1e1-cb0ca77533c3/reactapp/node_modules/@testing-library/react/node_modules/@testing-library/dom/dist/query-helpers.js:52:17)\n    at getByLabelText (/home/coder/project/workspace/question_generation_service/solutions/15d368e2-d5a4-49b7-b1e1-cb0ca77533c3/reactapp/node_modules/@testing-library/react/node_modules/@testing-library/dom/dist/query-helpers.js:95:19)\n    at Object.<anonymous> (/home/coder/project/workspace/question_generation_service/solutions/15d368e2-d5a4-49b7-b1e1-cb0ca77533c3/reactapp/src/components/OrderDetails.test.js:44:29)\n    at processTicksAndRejections (node:internal/process/task_queues:95:5)"],"fullName":"OrderDetails status dropdown triggers update","location":null,"status":"failed","title":"status dropdown triggers update"},{"ancestorTitles":["OrderDetails"],"failureMessages":[],"fullName":"OrderDetails calls onBack","location":null,"status":"passed","title":"calls onBack"},{"ancestorTitles":["OrderDetails"],"failureMessages":[],"fullName":"OrderDetails shows error if not found","location":null,"status":"passed","title":"shows error if not found"}],"endTime":1753342015297,"message":"  ● OrderDetails › renders details, items table, and Edit controls\n\n    TestingLibraryElementError: Unable to find an element with the text: Steve. This could be because the text is broken up by multiple elements. In this case, you can provide a function for your text matcher to make your matcher more flexible.\n\n    Ignored nodes: comments, script, style\n    \u001b[36m<body>\u001b[39m\n      \u001b[36m<div>\u001b[39m\n        \u001b[36m<div\u001b[39m\n          \u001b[33mclass\u001b[39m=\u001b[32m\"form-container\"\u001b[39m\n        \u001b[36m>\u001b[39m\n          \u001b[36m<button\u001b[39m\n            \u001b[33mclass\u001b[39m=\u001b[32m\"btn-secondary\"\u001b[39m\n            \u001b[33mstyle\u001b[39m=\u001b[32m\"margin-bottom: 1rem;\"\u001b[39m\n          \u001b[36m>\u001b[39m\n            \u001b[0mBack to Orders\u001b[0m\n          \u001b[36m</button>\u001b[39m\n          \u001b[36m<h2>\u001b[39m\n            \u001b[0mOrder Details\u001b[0m\n          \u001b[36m</h2>\u001b[39m\n          \u001b[36m<div\u001b[39m\n            \u001b[33mclass\u001b[39m=\u001b[32m\"empty-state\"\u001b[39m\n          \u001b[36m>\u001b[39m\n            \u001b[0mLoading...\u001b[0m\n          \u001b[36m</div>\u001b[39m\n        \u001b[36m</div>\u001b[39m\n      \u001b[36m</div>\u001b[39m\n    \u001b[36m</body>\u001b[39m\n\n      30 |     render(<OrderDetails orderId={4} onBack={()=>{}} />);\n      31 |     await screen.findByText('Order Details');\n    > 32 |     expect(screen.getByText('Steve')).toBeInTheDocument();\n         |                   ^\n      33 |     expect(screen.getByText('s@t.com')).toBeInTheDocument();\n      34 |     expect(screen.getByText('Blender')).toBeInTheDocument();\n      35 |     expect(screen.getByText('X Phone')).toBeInTheDocument();\n\n      at Object.getElementError (node_modules/@testing-library/react/node_modules/@testing-library/dom/dist/config.js:37:19)\n      at allQuery (node_modules/@testing-library/react/node_modules/@testing-library/dom/dist/query-helpers.js:76:38)\n      at query (node_modules/@testing-library/react/node_modules/@testing-library/dom/dist/query-helpers.js:52:17)\n      at getByText (node_modules/@testing-library/react/node_modules/@testing-library/dom/dist/query-helpers.js:95:19)\n      at Object.<anonymous> (src/components/OrderDetails.test.js:32:19)\n\n  ● OrderDetails › status dropdown triggers update\n\n    TestingLibraryElementError: Unable to find a label with the text of: Order Status:\n\n    Ignored nodes: comments, script, style\n    \u001b[36m<body>\u001b[39m\n      \u001b[36m<div>\u001b[39m\n        \u001b[36m<div\u001b[39m\n          \u001b[33mclass\u001b[39m=\u001b[32m\"form-container\"\u001b[39m\n        \u001b[36m>\u001b[39m\n          \u001b[36m<button\u001b[39m\n            \u001b[33mclass\u001b[39m=\u001b[32m\"btn-secondary\"\u001b[39m\n            \u001b[33mstyle\u001b[39m=\u001b[32m\"margin-bottom: 1rem;\"\u001b[39m\n          \u001b[36m>\u001b[39m\n            \u001b[0mBack to Orders\u001b[0m\n          \u001b[36m</button>\u001b[39m\n          \u001b[36m<h2>\u001b[39m\n            \u001b[0mOrder Details\u001b[0m\n          \u001b[36m</h2>\u001b[39m\n          \u001b[36m<div\u001b[39m\n            \u001b[33mclass\u001b[39m=\u001b[32m\"empty-state\"\u001b[39m\n          \u001b[36m>\u001b[39m\n            \u001b[0mLoading...\u001b[0m\n          \u001b[36m</div>\u001b[39m\n        \u001b[36m</div>\u001b[39m\n      \u001b[36m</div>\u001b[39m\n    \u001b[36m</body>\u001b[39m\n\n      42 |     render(<OrderDetails orderId={4} onBack={()=>{}} />);\n      43 |     await screen.findByText('Order Details');\n    > 44 |     fireEvent.change(screen.getByLabelText('Order Status:'), {\n         |                             ^\n      45 |       target: { value: 'DELIVERED' }\n      46 |     });\n      47 |     fireEvent.click(screen.getByText('Save'));\n\n      at Object.getElementError (node_modules/@testing-library/react/node_modules/@testing-library/dom/dist/config.js:37:19)\n      at allQuery (node_modules/@testing-library/react/node_modules/@testing-library/dom/dist/queries/label-text.js:103:38)\n      at query (node_modules/@testing-library/react/node_modules/@testing-library/dom/dist/query-helpers.js:52:17)\n      at getByLabelText (node_modules/@testing-library/react/node_modules/@testing-library/dom/dist/query-helpers.js:95:19)\n      at Object.<anonymous> (src/components/OrderDetails.test.js:44:29)\n","name":"/home/coder/project/workspace/question_generation_service/solutions/15d368e2-d5a4-49b7-b1e1-cb0ca77533c3/reactapp/src/components/OrderDetails.test.js","startTime":1753342002354,"status":"failed","summary":""},{"assertionResults":[{"ancestorTitles":["ProductList"],"failureMessages":["TestingLibraryElementError: Found multiple elements with the text: Electronics\n\nHere are the matching elements:\n\nIgnored nodes: comments, script, style\n\u001b[36m<option\u001b[39m\n  \u001b[33mvalue\u001b[39m=\u001b[32m\"Electronics\"\u001b[39m\n\u001b[36m>\u001b[39m\n  \u001b[0mElectronics\u001b[0m\n\u001b[36m</option>\u001b[39m\n\nIgnored nodes: comments, script, style\n\u001b[36m<td>\u001b[39m\n  \u001b[0mElectronics\u001b[0m\n\u001b[36m</td>\u001b[39m\n\nIgnored nodes: comments, script, style\n\u001b[36m<td>\u001b[39m\n  \u001b[0mElectronics\u001b[0m\n\u001b[36m</td>\u001b[39m\n\n(If this is intentional, then use the `*AllBy*` variant of the query (like `queryAllByText`, `getAllByText`, or `findAllByText`)).\n\nIgnored nodes: comments, script, style\n\u001b[36m<body>\u001b[39m\n  \u001b[36m<div>\u001b[39m\n    \u001b[36m<div\u001b[39m\n      \u001b[33mclass\u001b[39m=\u001b[32m\"form-container\"\u001b[39m\n    \u001b[36m>\u001b[39m\n      \u001b[36m<h2\u001b[39m\n        \u001b[33mstyle\u001b[39m=\u001b[32m\"margin-bottom: 1rem;\"\u001b[39m\n      \u001b[36m>\u001b[39m\n        \u001b[0mProducts\u001b[0m\n      \u001b[36m</h2>\u001b[39m\n      \u001b[36m<div\u001b[39m\n        \u001b[33mstyle\u001b[39m=\u001b[32m\"display: flex; gap: 1rem; margin-bottom: 1rem; align-items: center; flex-wrap: wrap;\"\u001b[39m\n      \u001b[36m>\u001b[39m\n        \u001b[36m<button\u001b[39m\n          \u001b[33mclass\u001b[39m=\u001b[32m\"btn-primary\"\u001b[39m\n          \u001b[33mstyle\u001b[39m=\u001b[32m\"margin-right: auto;\"\u001b[39m\n        \u001b[36m>\u001b[39m\n          \u001b[0mCreate New Product\u001b[0m\n        \u001b[36m</button>\u001b[39m\n        \u001b[36m<div>\u001b[39m\n          \u001b[36m<label\u001b[39m\n            \u001b[33mfor\u001b[39m=\u001b[32m\"category-filter\"\u001b[39m\n          \u001b[36m>\u001b[39m\n            \u001b[0mCategory:\u001b[0m\n          \u001b[36m</label>\u001b[39m\n          \u001b[36m<select\u001b[39m\n            \u001b[33mid\u001b[39m=\u001b[32m\"category-filter\"\u001b[39m\n            \u001b[33mstyle\u001b[39m=\u001b[32m\"margin-left: 0.5rem;\"\u001b[39m\n          \u001b[36m>\u001b[39m\n            \u001b[36m<option\u001b[39m\n              \u001b[33mvalue\u001b[39m=\u001b[32m\"\"\u001b[39m\n            \u001b[36m>\u001b[39m\n              \u001b[0mAll\u001b[0m\n            \u001b[36m</option>\u001b[39m\n            \u001b[36m<option\u001b[39m\n              \u001b[33mvalue\u001b[39m=\u001b[32m\"Electronics\"\u001b[39m\n            \u001b[36m>\u001b[39m\n              \u001b[0mElectronics\u001b[0m\n            \u001b[36m</option>\u001b[39m\n            \u001b[36m<option\u001b[39m\n              \u001b[33mvalue\u001b[39m=\u001b[32m\"Home\"\u001b[39m\n            \u001b[36m>\u001b[39m\n              \u001b[0mHome\u001b[0m\n            \u001b[36m</option>\u001b[39m\n          \u001b[36m</select>\u001b[39m\n        \u001b[36m</div>\u001b[39m\n        \u001b[36m<div>\u001b[39m\n          \u001b[36m<label\u001b[39m\n            \u001b[33mfor\u001b[39m=\u001b[32m\"min-price\"\u001b[39m\n            \u001b[33mstyle\u001b[39m=\u001b[32m\"margin-right: 0.5rem;\"\u001b[39m\n          \u001b[36m>\u001b[39m\n            \u001b[0mMin Price:\u001b[0m\n          \u001b[36m</label>\u001b[39m\n          \u001b[36m<input\u001b[39m\n            \u001b[33mid\u001b[39m=\u001b[32m\"min-price\"\u001b[39m\n            \u001b[33mmin\u001b[39m=\u001b[32m\"0\"\u001b[39m\n            \u001b[33mstyle\u001b[39m=\u001b[32m\"width: 80px;\"\u001b[39m\n            \u001b[33mtype\u001b[39m=\u001b[32m\"number\"\u001b[39m\n            \u001b[33mvalue\u001b[39m=\u001b[32m\"\"\u001b[39m\n          \u001b[36m/>\u001b[39m\n        \u001b[36m</div>\u001b[39m\n        \u001b[36m<div>\u001b[39m\n          \u001b[36m<label\u001b[39m\n            \u001b[33mfor\u001b[39m=\u001b[32m\"max-price\"\u001b[39m\n            \u001b[33mstyle\u001b[39m=\u001b[32m\"margin-right: 0.5rem;\"\u001b[39m\n          \u001b[36m>\u001b[39m\n            \u001b[0mMax Price:\u001b[0m\n          \u001b[36m</label>\u001b[39m\n          \u001b[36m<input\u001b[39m\n            \u001b[33mid\u001b[39m=\u001b[32m\"max-price\"\u001b[39m\n            \u001b[33mmin\u001b[39m=\u001b[32m\"0\"\u001b[39m\n            \u001b[33mstyle\u001b[39m=\u001b[32m\"width: 80px;\"\u001b[39m\n            \u001b[33mtype\u001b[39m=\u001b[32m\"number\"\u001b[39m\n            \u001b[33mvalue\u001b[39m=\u001b[32m\"\"\u001b[39m\n          \u001b[36m/>\u001b[39m\n        \u001b[36m</div>\u001b[39m\n      \u001b[36m</div>\u001b[39m\n      \u001b[36m<table\u001b[39m\n        \u001b[33mclass\u001b[39m=\u001b[32m\"product-table\"\u001b[39m\n        \u001b[33mstyle\u001b[39m=\u001b[32m\"width: 100%; border-collapse: collapse; font-size: 0.97rem;\"\u001b[39m\n      \u001b[36m>\u001b[39m\n        \u001b[36m<thead>\u001b[39m\n          \u001b[36m<tr\u001b[39m\n            \u001b[33mstyle\u001b[39m=\u001b[32m\"background: rgb(243, 244, 246);\"\u001b[39m\n          \u001b[36m>\u001b[39m\n            \u001b[36m<th>\u001b[39m\n              \u001b[0mID\u001b[0m\n            \u001b[36m</th>\u001b[39m\n            \u001b[36m<th>\u001b[39m\n              \u001b[0mName\u001b[0m\n            \u001b[36m</th>\u001b[39m\n            \u001b[36m<th>\u001b[39m\n              \u001b[0mCategory\u001b[0m\n            \u001b[36m</th>\u001b[39m\n            \u001b[36m<th>\u001b[39m\n              \u001b[0mPrice\u001b[0m\n            \u001b[36m</th>\u001b[39m\n            \u001b[36m<th>\u001b[39m\n              \u001b[0mStock Quantity\u001b[0m\n            \u001b[36m</th>\u001b[39m\n            \u001b[36m<th>\u001b[39m\n              \u001b[0mActions\u001b[0m\n            \u001b[36m</th>\u001b[39m\n          \u001b[36m</tr>\u001b[39m\n        \u001b[36m</thead>\u001b[39m\n        \u001b[36m<tbody>\u001b[39m\n          \u001b[36m<tr>\u001b[39m\n            \u001b[36m<td>\u001b[39m\n              \u001b[0m1\u001b[0m\n            \u001b[36m</td>\u001b[39m\n            \u001b[36m<td>\u001b[39m\n              \u001b[36m<div\u001b[39m\n                \u001b[33mstyle\u001b[39m=\u001b[32m\"flex: 1; max-width: 70%; overflow-wrap: break-word;\"\u001b[39m\n              \u001b[36m>\u001b[39m\n                \u001b[0mLaptop\u001b[0m\n              \u001b[36m</div>\u001b[39m\n            \u001b[36m</td>\u001b[39m\n            \u001b[36m<td>\u001b[39m\n              \u001b[0mElectronics\u001b[0m\n            \u001b[36m</td>\u001b[39m\n            \u001b[36m<td>\u001b[39m\n              \u001b[0m$\u001b[0m\n              \u001b[0m1999.99\u001b[0m\n            \u001b[36m</td>\u001b[39m\n            \u001b[36m<td>\u001b[39m\n              \u001b[0m10\u001b[0m\n            \u001b[36m</td>\u001b[39m\n            \u001b[36m<td>\u001b[39m\n              \u001b[36m<button\u001b[39m\n                \u001b[33mclass\u001b[39m=\u001b[32m\"btn-secondary\"\u001b[39m\n                \u001b[33mdata-testid\u001b[39m=\u001b[32m\"edit-button-1\"\u001b[39m\n              \u001b[36m>\u001b[39m\n                \u001b[0mEdit\u001b[0m\n              \u001b[36m</button>\u001b[39m\n              \u001b[36m<button\u001b[39m\n                \u001b[33mclass\u001b[39m=\u001b[32m\"btn-secondary\"\u001b[39m\n                \u001b[33mdata-testid\u001b[39m=\u001b[32m\"delete-button-1\"\u001b[39m\n                \u001b[33mstyle\u001b[39m=\u001b[32m\"margin-left: 0.5rem;\"\u001b[39m\n              \u001b[36m>\u001b[39m\n                \u001b[0mDelete\u001b[0m\n              \u001b[36m</button>\u001b[39m\n            \u001b[36m</td>\u001b[39m\n          \u001b[36m</tr>\u001b[39m\n          \u001b[36m<tr>\u001b[39m\n            \u001b[36m<td>\u001b[39m\n              \u001b[0m2\u001b[0m\n            \u001b[36m</td>\u001b[39m\n            \u001b[36m<td>\u001b[39m\n              \u001b[36m<div\u001b[39m\n                \u001b[33mstyle\u001b[39m=\u001b[32m\"flex: 1; max-width: 70%; overflow-wrap: break-word;\"\u001b[39m\n              \u001b[36m>\u001b[39m\n                \u001b[0mPhone\u001b[0m\n              \u001b[36m</div>\u001b[39m\n            \u001b[36m</td>\u001b[39m\n            \u001b[36m<td>\u001b[39m\n              \u001b[0mElectronics\u001b[0m\n            \u001b[36m</td>\u001b[39m\n            \u001b[36m<td>\u001b[39m\n              \u001b[0m$\u001b[0m\n              \u001b[0m699.99\u001b[0m\n            \u001b[36m</td>\u001b[39m\n            \u001b[36m<td>\u001b[39m\n              \u001b[0m7\u001b[0m\n            \u001b[36m</td>\u001b[39m\n            \u001b[36m<td>\u001b[39m\n              \u001b[36m<button\u001b[39m\n                \u001b[33mclass\u001b[39m=\u001b[32m\"btn-secondary\"\u001b[39m\n                \u001b[33mdata-testid\u001b[39m=\u001b[32m\"edit-button-2\"\u001b[39m\n              \u001b[36m>\u001b[39m\n                \u001b[0mEdit\u001b[0m\n              \u001b[36m</button>\u001b[39m\n              \u001b[36m<button\u001b[39m\n                \u001b[33mclass\u001b[39m=\u001b[32m\"btn-secondary\"\u001b[39m\n                \u001b[33mdata-testid\u001b[39m=\u001b[32m\"delete-button-2\"\u001b[39m\n                \u001b[33mstyle\u001b[39m=\u001b[32m\"margin-left: 0.5rem;\"\u001b[39m\n              \u001b[36m>\u001b[39m\n                \u001b[0mDelete\u001b[0m\n              \u001b[36m</button>\u001b[39m\n            \u001b[36m</td>\u001b[39m\n          \u001b[36m</tr>\u001b[39m\n          \u001b[36m<tr>\u001b[39m\n            \u001b[36m<td>\u001b[39m\n              \u001b[0m3\u001b[0m\n            \u001b[36m</td>\u001b[39m\n            \u001b[36m<td>\u001b[39m\n              \u001b[36m<div\u001b[39m\n                \u001b[33mstyle\u001b[39m=\u001b[32m\"flex: 1; max-width: 70%; overflow-wrap: break-word;\"\u001b[39m\n              \u001b[36m>\u001b[39m\n                \u001b[0mBlender\u001b[0m\n              \u001b[36m</div>\u001b[39m\n            \u001b[36m</td>\u001b[39m\n            \u001b[36m<td>\u001b[39m\n              \u001b[0mHome\u001b[0m\n            \u001b[36m</td>\u001b[39m\n            \u001b[36m<td>\u001b[39m\n              \u001b[0m$\u001b[0m\n              \u001b[0m49.50\u001b[0m\n            \u001b[36m</td>\u001b[39m\n            \u001b[36m<td>\u001b[39m\n              \u001b[0m23\u001b[0m\n            \u001b[36m</td>\u001b[39m\n            \u001b[36m<td>\u001b[39m\n              \u001b[36m<button\u001b[39m\n                \u001b[33mclass\u001b[39m=\u001b[32m\"btn-secondary\"\u001b[39m\n                \u001b[33mdata-testid\u001b[39m=\u001b[32m\"edit-button-3\"\u001b[39m\n              \u001b[36m>\u001b[39m\n                \u001b[0mEdit\u001b[0m\n              \u001b[36m</button>\u001b[39m\n              \u001b[36m<button\u001b[39m\n                \u001b[33mclass\u001b[39m=\u001b[32m\"btn-secondary\"\u001b[39m\n                \u001b[33mdata-testid\u001b[39m=\u001b[32m\"delete-button-3\"\u001b[39m\n                \u001b[33mstyle\u001b[39m=\u001b[32m\"margin-left: 0.5rem;\"\u001b[39m\n              \u001b[36m>\u001b[39m\n                \u001b[0mDelete\u001b[0m\n              \u001b[36m</button>\u001b[39m\n            \u001b[36m</td>\u001b[39m\n          \u001b[36m</tr>\u001b[39m\n        \u001b[36m</tbody>\u001b[39m\n      \u001b[36m</table>\u001b[39m\n      \u001b[36m<div\u001b[39m\n        \u001b[33mstyle\u001b[39m=\u001b[32m\"margin-top: 1rem; display: flex; justify-content: center; align-items: center; gap: 1rem;\"\u001b[39m\n      \u001b[36m>\u001b[39m\n        \u001b[36m<button\u001b[39m\n          \u001b[33mclass\u001b[39m=\u001b[32m\"btn-secondary\"\u001b[39m\n          \u001b[33mdata-testid\u001b[39m=\u001b[32m\"page-prev\"\u001b[39m\n          \u001b[33mdisabled\u001b[39m=\u001b[32m\"\"\u001b[39m\n        \u001b[36m>\u001b[39m\n          \u001b[0m&lt;\u001b[0m\n        \u001b[36m</button>\u001b[39m\n        \u001b[36m<span>\u001b[39m\n          \u001b[0mPage \u001b[0m\n          \u001b[0m1\u001b[0m\n          \u001b[0m of \u001b[0m\n          \u001b[0m1\u001b[0m\n        \u001b[36m</span>\u001b[39m\n        \u001b[36m<button\u001b[39m\n          \u001b[33mclass\u001b[39m=\u001b[32m\"btn-secondary\"\u001b[39m\n          \u001b[33mdata-testid\u001b[39m=\u001b[32m\"page-next\"\u001b[39m\n          \u001b[33mdisabled\u001b[39m=\u001b[32m\"\"\u001b[39m\n        \u001b[36m>\u001b[39m\n          \u001b[0m&gt;\u001b[0m\n        \u001b[36m</button>\u001b[39m\n      \u001b[36m</div>\u001b[39m\n    \u001b[36m</div>\u001b[39m\n  \u001b[36m</div>\u001b[39m\n\u001b[36m</body>\u001b[39m\n    at Object.getElementError (/home/coder/project/workspace/question_generation_service/solutions/15d368e2-d5a4-49b7-b1e1-cb0ca77533c3/reactapp/node_modules/@testing-library/react/node_modules/@testing-library/dom/dist/config.js:37:19)\n    at getElementError (/home/coder/project/workspace/question_generation_service/solutions/15d368e2-d5a4-49b7-b1e1-cb0ca77533c3/reactapp/node_modules/@testing-library/react/node_modules/@testing-library/dom/dist/query-helpers.js:20:35)\n    at getMultipleElementsFoundError (/home/coder/project/workspace/question_generation_service/solutions/15d368e2-d5a4-49b7-b1e1-cb0ca77533c3/reactapp/node_modules/@testing-library/react/node_modules/@testing-library/dom/dist/query-helpers.js:23:10)\n    at query (/home/coder/project/workspace/question_generation_service/solutions/15d368e2-d5a4-49b7-b1e1-cb0ca77533c3/reactapp/node_modules/@testing-library/react/node_modules/@testing-library/dom/dist/query-helpers.js:55:13)\n    at getByText (/home/coder/project/workspace/question_generation_service/solutions/15d368e2-d5a4-49b7-b1e1-cb0ca77533c3/reactapp/node_modules/@testing-library/react/node_modules/@testing-library/dom/dist/query-helpers.js:95:19)\n    at forEach (/home/coder/project/workspace/question_generation_service/solutions/15d368e2-d5a4-49b7-b1e1-cb0ca77533c3/reactapp/src/components/ProductList.test.js:31:21)\n    at Array.forEach (<anonymous>)\n    at Object.<anonymous> (/home/coder/project/workspace/question_generation_service/solutions/15d368e2-d5a4-49b7-b1e1-cb0ca77533c3/reactapp/src/components/ProductList.test.js:29:18)"],"fullName":"ProductList renders product table and filter controls","location":null,"status":"failed","title":"renders product table and filter controls"},{"ancestorTitles":["ProductList"],"failureMessages":[],"fullName":"ProductList pagination controls work","location":null,"status":"passed","title":"pagination controls work"},{"ancestorTitles":["ProductList"],"failureMessages":[],"fullName":"ProductList Edit and Delete buttons fire handler","location":null,"status":"passed","title":"Edit and Delete buttons fire handler"},{"ancestorTitles":["ProductList"],"failureMessages":[],"fullName":"ProductList displays error if API fails","location":null,"status":"passed","title":"displays error if API fails"}],"endTime":1753342015425,"message":"  ● ProductList › renders product table and filter controls\n\n    TestingLibraryElementError: Found multiple elements with the text: Electronics\n\n    Here are the matching elements:\n\n    Ignored nodes: comments, script, style\n    \u001b[36m<option\u001b[39m\n      \u001b[33mvalue\u001b[39m=\u001b[32m\"Electronics\"\u001b[39m\n    \u001b[36m>\u001b[39m\n      \u001b[0mElectronics\u001b[0m\n    \u001b[36m</option>\u001b[39m\n\n    Ignored nodes: comments, script, style\n    \u001b[36m<td>\u001b[39m\n      \u001b[0mElectronics\u001b[0m\n    \u001b[36m</td>\u001b[39m\n\n    Ignored nodes: comments, script, style\n    \u001b[36m<td>\u001b[39m\n      \u001b[0mElectronics\u001b[0m\n    \u001b[36m</td>\u001b[39m\n\n    (If this is intentional, then use the `*AllBy*` variant of the query (like `queryAllByText`, `getAllByText`, or `findAllByText`)).\n\n    Ignored nodes: comments, script, style\n    \u001b[36m<body>\u001b[39m\n      \u001b[36m<div>\u001b[39m\n        \u001b[36m<div\u001b[39m\n          \u001b[33mclass\u001b[39m=\u001b[32m\"form-container\"\u001b[39m\n        \u001b[36m>\u001b[39m\n          \u001b[36m<h2\u001b[39m\n            \u001b[33mstyle\u001b[39m=\u001b[32m\"margin-bottom: 1rem;\"\u001b[39m\n          \u001b[36m>\u001b[39m\n            \u001b[0mProducts\u001b[0m\n          \u001b[36m</h2>\u001b[39m\n          \u001b[36m<div\u001b[39m\n            \u001b[33mstyle\u001b[39m=\u001b[32m\"display: flex; gap: 1rem; margin-bottom: 1rem; align-items: center; flex-wrap: wrap;\"\u001b[39m\n          \u001b[36m>\u001b[39m\n            \u001b[36m<button\u001b[39m\n              \u001b[33mclass\u001b[39m=\u001b[32m\"btn-primary\"\u001b[39m\n              \u001b[33mstyle\u001b[39m=\u001b[32m\"margin-right: auto;\"\u001b[39m\n            \u001b[36m>\u001b[39m\n              \u001b[0mCreate New Product\u001b[0m\n            \u001b[36m</button>\u001b[39m\n            \u001b[36m<div>\u001b[39m\n              \u001b[36m<label\u001b[39m\n                \u001b[33mfor\u001b[39m=\u001b[32m\"category-filter\"\u001b[39m\n              \u001b[36m>\u001b[39m\n                \u001b[0mCategory:\u001b[0m\n              \u001b[36m</label>\u001b[39m\n              \u001b[36m<select\u001b[39m\n                \u001b[33mid\u001b[39m=\u001b[32m\"category-filter\"\u001b[39m\n                \u001b[33mstyle\u001b[39m=\u001b[32m\"margin-left: 0.5rem;\"\u001b[39m\n              \u001b[36m>\u001b[39m\n                \u001b[36m<option\u001b[39m\n                  \u001b[33mvalue\u001b[39m=\u001b[32m\"\"\u001b[39m\n                \u001b[36m>\u001b[39m\n                  \u001b[0mAll\u001b[0m\n                \u001b[36m</option>\u001b[39m\n                \u001b[36m<option\u001b[39m\n                  \u001b[33mvalue\u001b[39m=\u001b[32m\"Electronics\"\u001b[39m\n                \u001b[36m>\u001b[39m\n                  \u001b[0mElectronics\u001b[0m\n                \u001b[36m</option>\u001b[39m\n                \u001b[36m<option\u001b[39m\n                  \u001b[33mvalue\u001b[39m=\u001b[32m\"Home\"\u001b[39m\n                \u001b[36m>\u001b[39m\n                  \u001b[0mHome\u001b[0m\n                \u001b[36m</option>\u001b[39m\n              \u001b[36m</select>\u001b[39m\n            \u001b[36m</div>\u001b[39m\n            \u001b[36m<div>\u001b[39m\n              \u001b[36m<label\u001b[39m\n                \u001b[33mfor\u001b[39m=\u001b[32m\"min-price\"\u001b[39m\n                \u001b[33mstyle\u001b[39m=\u001b[32m\"margin-right: 0.5rem;\"\u001b[39m\n              \u001b[36m>\u001b[39m\n                \u001b[0mMin Price:\u001b[0m\n              \u001b[36m</label>\u001b[39m\n              \u001b[36m<input\u001b[39m\n                \u001b[33mid\u001b[39m=\u001b[32m\"min-price\"\u001b[39m\n                \u001b[33mmin\u001b[39m=\u001b[32m\"0\"\u001b[39m\n                \u001b[33mstyle\u001b[39m=\u001b[32m\"width: 80px;\"\u001b[39m\n                \u001b[33mtype\u001b[39m=\u001b[32m\"number\"\u001b[39m\n                \u001b[33mvalue\u001b[39m=\u001b[32m\"\"\u001b[39m\n              \u001b[36m/>\u001b[39m\n            \u001b[36m</div>\u001b[39m\n            \u001b[36m<div>\u001b[39m\n              \u001b[36m<label\u001b[39m\n                \u001b[33mfor\u001b[39m=\u001b[32m\"max-price\"\u001b[39m\n                \u001b[33mstyle\u001b[39m=\u001b[32m\"margin-right: 0.5rem;\"\u001b[39m\n              \u001b[36m>\u001b[39m\n                \u001b[0mMax Price:\u001b[0m\n              \u001b[36m</label>\u001b[39m\n              \u001b[36m<input\u001b[39m\n                \u001b[33mid\u001b[39m=\u001b[32m\"max-price\"\u001b[39m\n                \u001b[33mmin\u001b[39m=\u001b[32m\"0\"\u001b[39m\n                \u001b[33mstyle\u001b[39m=\u001b[32m\"width: 80px;\"\u001b[39m\n                \u001b[33mtype\u001b[39m=\u001b[32m\"number\"\u001b[39m\n                \u001b[33mvalue\u001b[39m=\u001b[32m\"\"\u001b[39m\n              \u001b[36m/>\u001b[39m\n            \u001b[36m</div>\u001b[39m\n          \u001b[36m</div>\u001b[39m\n          \u001b[36m<table\u001b[39m\n            \u001b[33mclass\u001b[39m=\u001b[32m\"product-table\"\u001b[39m\n            \u001b[33mstyle\u001b[39m=\u001b[32m\"width: 100%; border-collapse: collapse; font-size: 0.97rem;\"\u001b[39m\n          \u001b[36m>\u001b[39m\n            \u001b[36m<thead>\u001b[39m\n              \u001b[36m<tr\u001b[39m\n                \u001b[33mstyle\u001b[39m=\u001b[32m\"background: rgb(243, 244, 246);\"\u001b[39m\n              \u001b[36m>\u001b[39m\n                \u001b[36m<th>\u001b[39m\n                  \u001b[0mID\u001b[0m\n                \u001b[36m</th>\u001b[39m\n                \u001b[36m<th>\u001b[39m\n                  \u001b[0mName\u001b[0m\n                \u001b[36m</th>\u001b[39m\n                \u001b[36m<th>\u001b[39m\n                  \u001b[0mCategory\u001b[0m\n                \u001b[36m</th>\u001b[39m\n                \u001b[36m<th>\u001b[39m\n                  \u001b[0mPrice\u001b[0m\n                \u001b[36m</th>\u001b[39m\n                \u001b[36m<th>\u001b[39m\n                  \u001b[0mStock Quantity\u001b[0m\n                \u001b[36m</th>\u001b[39m\n                \u001b[36m<th>\u001b[39m\n                  \u001b[0mActions\u001b[0m\n                \u001b[36m</th>\u001b[39m\n              \u001b[36m</tr>\u001b[39m\n            \u001b[36m</thead>\u001b[39m\n            \u001b[36m<tbody>\u001b[39m\n              \u001b[36m<tr>\u001b[39m\n                \u001b[36m<td>\u001b[39m\n                  \u001b[0m1\u001b[0m\n                \u001b[36m</td>\u001b[39m\n                \u001b[36m<td>\u001b[39m\n                  \u001b[36m<div\u001b[39m\n                    \u001b[33mstyle\u001b[39m=\u001b[32m\"flex: 1; max-width: 70%; overflow-wrap: break-word;\"\u001b[39m\n                  \u001b[36m>\u001b[39m\n                    \u001b[0mLaptop\u001b[0m\n                  \u001b[36m</div>\u001b[39m\n                \u001b[36m</td>\u001b[39m\n                \u001b[36m<td>\u001b[39m\n                  \u001b[0mElectronics\u001b[0m\n                \u001b[36m</td>\u001b[39m\n                \u001b[36m<td>\u001b[39m\n                  \u001b[0m$\u001b[0m\n                  \u001b[0m1999.99\u001b[0m\n                \u001b[36m</td>\u001b[39m\n                \u001b[36m<td>\u001b[39m\n                  \u001b[0m10\u001b[0m\n                \u001b[36m</td>\u001b[39m\n                \u001b[36m<td>\u001b[39m\n                  \u001b[36m<button\u001b[39m\n                    \u001b[33mclass\u001b[39m=\u001b[32m\"btn-secondary\"\u001b[39m\n                    \u001b[33mdata-testid\u001b[39m=\u001b[32m\"edit-button-1\"\u001b[39m\n                  \u001b[36m>\u001b[39m\n                    \u001b[0mEdit\u001b[0m\n                  \u001b[36m</button>\u001b[39m\n                  \u001b[36m<button\u001b[39m\n                    \u001b[33mclass\u001b[39m=\u001b[32m\"btn-secondary\"\u001b[39m\n                    \u001b[33mdata-testid\u001b[39m=\u001b[32m\"delete-button-1\"\u001b[39m\n                    \u001b[33mstyle\u001b[39m=\u001b[32m\"margin-left: 0.5rem;\"\u001b[39m\n                  \u001b[36m>\u001b[39m\n                    \u001b[0mDelete\u001b[0m\n                  \u001b[36m</button>\u001b[39m\n                \u001b[36m</td>\u001b[39m\n              \u001b[36m</tr>\u001b[39m\n              \u001b[36m<tr>\u001b[39m\n                \u001b[36m<td>\u001b[39m\n                  \u001b[0m2\u001b[0m\n                \u001b[36m</td>\u001b[39m\n                \u001b[36m<td>\u001b[39m\n                  \u001b[36m<div\u001b[39m\n                    \u001b[33mstyle\u001b[39m=\u001b[32m\"flex: 1; max-width: 70%; overflow-wrap: break-word;\"\u001b[39m\n                  \u001b[36m>\u001b[39m\n                    \u001b[0mPhone\u001b[0m\n                  \u001b[36m</div>\u001b[39m\n                \u001b[36m</td>\u001b[39m\n                \u001b[36m<td>\u001b[39m\n                  \u001b[0mElectronics\u001b[0m\n                \u001b[36m</td>\u001b[39m\n                \u001b[36m<td>\u001b[39m\n                  \u001b[0m$\u001b[0m\n                  \u001b[0m699.99\u001b[0m\n                \u001b[36m</td>\u001b[39m\n                \u001b[36m<td>\u001b[39m\n                  \u001b[0m7\u001b[0m\n                \u001b[36m</td>\u001b[39m\n                \u001b[36m<td>\u001b[39m\n                  \u001b[36m<button\u001b[39m\n                    \u001b[33mclass\u001b[39m=\u001b[32m\"btn-secondary\"\u001b[39m\n                    \u001b[33mdata-testid\u001b[39m=\u001b[32m\"edit-button-2\"\u001b[39m\n                  \u001b[36m>\u001b[39m\n                    \u001b[0mEdit\u001b[0m\n                  \u001b[36m</button>\u001b[39m\n                  \u001b[36m<button\u001b[39m\n                    \u001b[33mclass\u001b[39m=\u001b[32m\"btn-secondary\"\u001b[39m\n                    \u001b[33mdata-testid\u001b[39m=\u001b[32m\"delete-button-2\"\u001b[39m\n                    \u001b[33mstyle\u001b[39m=\u001b[32m\"margin-left: 0.5rem;\"\u001b[39m\n                  \u001b[36m>\u001b[39m\n                    \u001b[0mDelete\u001b[0m\n                  \u001b[36m</button>\u001b[39m\n                \u001b[36m</td>\u001b[39m\n              \u001b[36m</tr>\u001b[39m\n              \u001b[36m<tr>\u001b[39m\n                \u001b[36m<td>\u001b[39m\n                  \u001b[0m3\u001b[0m\n                \u001b[36m</td>\u001b[39m\n                \u001b[36m<td>\u001b[39m\n                  \u001b[36m<div\u001b[39m\n                    \u001b[33mstyle\u001b[39m=\u001b[32m\"flex: 1; max-width: 70%; overflow-wrap: break-word;\"\u001b[39m\n                  \u001b[36m>\u001b[39m\n                    \u001b[0mBlender\u001b[0m\n                  \u001b[36m</div>\u001b[39m\n                \u001b[36m</td>\u001b[39m\n                \u001b[36m<td>\u001b[39m\n                  \u001b[0mHome\u001b[0m\n                \u001b[36m</td>\u001b[39m\n                \u001b[36m<td>\u001b[39m\n                  \u001b[0m$\u001b[0m\n                  \u001b[0m49.50\u001b[0m\n                \u001b[36m</td>\u001b[39m\n                \u001b[36m<td>\u001b[39m\n                  \u001b[0m23\u001b[0m\n                \u001b[36m</td>\u001b[39m\n                \u001b[36m<td>\u001b[39m\n                  \u001b[36m<button\u001b[39m\n                    \u001b[33mclass\u001b[39m=\u001b[32m\"btn-secondary\"\u001b[39m\n                    \u001b[33mdata-testid\u001b[39m=\u001b[32m\"edit-button-3\"\u001b[39m\n                  \u001b[36m>\u001b[39m\n                    \u001b[0mEdit\u001b[0m\n                  \u001b[36m</button>\u001b[39m\n                  \u001b[36m<button\u001b[39m\n                    \u001b[33mclass\u001b[39m=\u001b[32m\"btn-secondary\"\u001b[39m\n                    \u001b[33mdata-testid\u001b[39m=\u001b[32m\"delete-button-3\"\u001b[39m\n                    \u001b[33mstyle\u001b[39m=\u001b[32m\"margin-left: 0.5rem;\"\u001b[39m\n                  \u001b[36m>\u001b[39m\n                    \u001b[0mDelete\u001b[0m\n                  \u001b[36m</button>\u001b[39m\n                \u001b[36m</td>\u001b[39m\n              \u001b[36m</tr>\u001b[39m\n            \u001b[36m</tbody>\u001b[39m\n          \u001b[36m</table>\u001b[39m\n          \u001b[36m<div\u001b[39m\n            \u001b[33mstyle\u001b[39m=\u001b[32m\"margin-top: 1rem; display: flex; justify-content: center; align-items: center; gap: 1rem;\"\u001b[39m\n          \u001b[36m>\u001b[39m\n            \u001b[36m<button\u001b[39m\n              \u001b[33mclass\u001b[39m=\u001b[32m\"btn-secondary\"\u001b[39m\n              \u001b[33mdata-testid\u001b[39m=\u001b[32m\"page-prev\"\u001b[39m\n              \u001b[33mdisabled\u001b[39m=\u001b[32m\"\"\u001b[39m\n            \u001b[36m>\u001b[39m\n              \u001b[0m&lt;\u001b[0m\n            \u001b[36m</button>\u001b[39m\n            \u001b[36m<span>\u001b[39m\n              \u001b[0mPage \u001b[0m\n              \u001b[0m1\u001b[0m\n              \u001b[0m of \u001b[0m\n              \u001b[0m1\u001b[0m\n            \u001b[36m</span>\u001b[39m\n            \u001b[36m<button\u001b[39m\n              \u001b[33mclass\u001b[39m=\u001b[32m\"btn-secondary\"\u001b[39m\n              \u001b[33mdata-testid\u001b[39m=\u001b[32m\"page-next\"\u001b[39m\n              \u001b[33mdisabled\u001b[39m=\u001b[32m\"\"\u001b[39m\n            \u001b[36m>\u001b[39m\n              \u001b[0m&gt;\u001b[0m\n            \u001b[36m</button>\u001b[39m\n          \u001b[36m</div>\u001b[39m\n        \u001b[36m</div>\u001b[39m\n      \u001b[36m</div>\u001b[39m\n    \u001b[36m</body>\u001b[39m\n\n      29 |     productsMock.forEach(p => {\n      30 |       expect(screen.getByText(p.name)).toBeInTheDocument();\n    > 31 |       expect(screen.getByText(p.category)).toBeInTheDocument();\n         |                     ^\n      32 |     });\n      33 |   });\n      34 |\n\n      at Object.getElementError (node_modules/@testing-library/react/node_modules/@testing-library/dom/dist/config.js:37:19)\n      at getElementError (node_modules/@testing-library/react/node_modules/@testing-library/dom/dist/query-helpers.js:20:35)\n      at getMultipleElementsFoundError (node_modules/@testing-library/react/node_modules/@testing-library/dom/dist/query-helpers.js:23:10)\n      at query (node_modules/@testing-library/react/node_modules/@testing-library/dom/dist/query-helpers.js:55:13)\n      at getByText (node_modules/@testing-library/react/node_modules/@testing-library/dom/dist/query-helpers.js:95:19)\n      at forEach (src/components/ProductList.test.js:31:21)\n          at Array.forEach (<anonymous>)\n      at Object.<anonymous> (src/components/ProductList.test.js:29:18)\n","name":"/home/coder/project/workspace/question_generation_service/solutions/15d368e2-d5a4-49b7-b1e1-cb0ca77533c3/reactapp/src/components/ProductList.test.js","startTime":1753342002334,"status":"failed","summary":""},{"assertionResults":[{"ancestorTitles":["OrderList"],"failureMessages":[],"fullName":"OrderList renders orders and View Details button","location":null,"status":"passed","title":"renders orders and View Details button"},{"ancestorTitles":["OrderList"],"failureMessages":[],"fullName":"OrderList pagination shows Page X of Y and buttons work","location":null,"status":"passed","title":"pagination shows Page X of Y and buttons work"},{"ancestorTitles":["OrderList"],"failureMessages":[],"fullName":"OrderList error case if API fails","location":null,"status":"passed","title":"error case if API fails"}],"endTime":1753342015682,"message":"","name":"/home/coder/project/workspace/question_generation_service/solutions/15d368e2-d5a4-49b7-b1e1-cb0ca77533c3/reactapp/src/components/OrderList.test.js","startTime":1753342015320,"status":"passed","summary":""},{"assertionResults":[{"ancestorTitles":["ProductForm"],"failureMessages":[],"fullName":"ProductForm renders all fields, save/cancel buttons","location":null,"status":"passed","title":"renders all fields, save/cancel buttons"},{"ancestorTitles":["ProductForm"],"failureMessages":["Error: Found multiple elements with the text: /required/i\n\nHere are the matching elements:\n\nIgnored nodes: comments, script, style\n\u001b[36m<div\u001b[39m\n  \u001b[33mclass\u001b[39m=\u001b[32m\"error\"\u001b[39m\n  \u001b[33mrole\u001b[39m=\u001b[32m\"alert\"\u001b[39m\n\u001b[36m>\u001b[39m\n  \u001b[0mName is required\u001b[0m\n\u001b[36m</div>\u001b[39m\n\nIgnored nodes: comments, script, style\n\u001b[36m<div\u001b[39m\n  \u001b[33mclass\u001b[39m=\u001b[32m\"error\"\u001b[39m\n  \u001b[33mrole\u001b[39m=\u001b[32m\"alert\"\u001b[39m\n\u001b[36m>\u001b[39m\n  \u001b[0mDescription is required\u001b[0m\n\u001b[36m</div>\u001b[39m\n\nIgnored nodes: comments, script, style\n\u001b[36m<div\u001b[39m\n  \u001b[33mclass\u001b[39m=\u001b[32m\"error\"\u001b[39m\n  \u001b[33mrole\u001b[39m=\u001b[32m\"alert\"\u001b[39m\n\u001b[36m>\u001b[39m\n  \u001b[0mPrice is required\u001b[0m\n\u001b[36m</div>\u001b[39m\n\nIgnored nodes: comments, script, style\n\u001b[36m<div\u001b[39m\n  \u001b[33mclass\u001b[39m=\u001b[32m\"error\"\u001b[39m\n  \u001b[33mrole\u001b[39m=\u001b[32m\"alert\"\u001b[39m\n\u001b[36m>\u001b[39m\n  \u001b[0mCategory is required\u001b[0m\n\u001b[36m</div>\u001b[39m\n\nIgnored nodes: comments, script, style\n\u001b[36m<div\u001b[39m\n  \u001b[33mclass\u001b[39m=\u001b[32m\"error\"\u001b[39m\n  \u001b[33mrole\u001b[39m=\u001b[32m\"alert\"\u001b[39m\n\u001b[36m>\u001b[39m\n  \u001b[0mStock Quantity is required\u001b[0m\n\u001b[36m</div>\u001b[39m\n\n(If this is intentional, then use the `*AllBy*` variant of the query (like `queryAllByText`, `getAllByText`, or `findAllByText`)).\n\nIgnored nodes: comments, script, style\n\u001b[36m<body>\u001b[39m\n  \u001b[36m<div>\u001b[39m\n    \u001b[36m<div\u001b[39m\n      \u001b[33mclass\u001b[39m=\u001b[32m\"form-container\"\u001b[39m\n    \u001b[36m>\u001b[39m\n      \u001b[36m<h2>\u001b[39m\n        \u001b[0mCreate Product\u001b[0m\n      \u001b[36m</h2>\u001b[39m\n      \u001b[36m<form\u001b[39m\n        \u001b[33mautocomplete\u001b[39m=\u001b[32m\"off\"\u001b[39m\n        \u001b[33mnovalidate\u001b[39m=\u001b[32m\"\"\u001b[39m\n      \u001b[36m>\u001b[39m\n        \u001b[36m<div\u001b[39m\n          \u001b[33mstyle\u001b[39m=\u001b[32m\"margin-bottom: 1rem;\"\u001b[39m\n        \u001b[36m>\u001b[39m\n          \u001b[36m<label\u001b[39m\n            \u001b[33mfor\u001b[39m=\u001b[32m\"name\"\u001b[39m\n            \u001b[33mstyle\u001b[39m=\u001b[32m\"font-weight: 500;\"\u001b[39m\n          \u001b[36m>\u001b[39m\n            \u001b[0mName\u001b[0m\n            \u001b[0m *\u001b[0m\n          \u001b[36m</label>\u001b[39m\n          \u001b[36m<input\u001b[39m\n            \u001b[33mclass\u001b[39m=\u001b[32m\"error\"\u001b[39m\n            \u001b[33mdata-testid\u001b[39m=\u001b[32m\"name-input\"\u001b[39m\n            \u001b[33mid\u001b[39m=\u001b[32m\"name\"\u001b[39m\n            \u001b[33mname\u001b[39m=\u001b[32m\"name\"\u001b[39m\n            \u001b[33mtype\u001b[39m=\u001b[32m\"text\"\u001b[39m\n            \u001b[33mvalue\u001b[39m=\u001b[32m\"\"\u001b[39m\n          \u001b[36m/>\u001b[39m\n          \u001b[36m<div\u001b[39m\n            \u001b[33mclass\u001b[39m=\u001b[32m\"error\"\u001b[39m\n            \u001b[33mrole\u001b[39m=\u001b[32m\"alert\"\u001b[39m\n          \u001b[36m>\u001b[39m\n            \u001b[0mName is required\u001b[0m\n          \u001b[36m</div>\u001b[39m\n        \u001b[36m</div>\u001b[39m\n        \u001b[36m<div\u001b[39m\n          \u001b[33mstyle\u001b[39m=\u001b[32m\"margin-bottom: 1rem;\"\u001b[39m\n        \u001b[36m>\u001b[39m\n          \u001b[36m<label\u001b[39m\n            \u001b[33mfor\u001b[39m=\u001b[32m\"description\"\u001b[39m\n            \u001b[33mstyle\u001b[39m=\u001b[32m\"font-weight: 500;\"\u001b[39m\n          \u001b[36m>\u001b[39m\n            \u001b[0mDescription\u001b[0m\n            \u001b[0m *\u001b[0m\n          \u001b[36m</label>\u001b[39m\n          \u001b[36m<input\u001b[39m\n            \u001b[33mclass\u001b[39m=\u001b[32m\"error\"\u001b[39m\n            \u001b[33mdata-testid\u001b[39m=\u001b[32m\"description-input\"\u001b[39m\n            \u001b[33mid\u001b[39m=\u001b[32m\"description\"\u001b[39m\n            \u001b[33mname\u001b[39m=\u001b[32m\"description\"\u001b[39m\n            \u001b[33mtype\u001b[39m=\u001b[32m\"text\"\u001b[39m\n            \u001b[33mvalue\u001b[39m=\u001b[32m\"\"\u001b[39m\n          \u001b[36m/>\u001b[39m\n          \u001b[36m<div\u001b[39m\n            \u001b[33mclass\u001b[39m=\u001b[32m\"error\"\u001b[39m\n            \u001b[33mrole\u001b[39m=\u001b[32m\"alert\"\u001b[39m\n          \u001b[36m>\u001b[39m\n            \u001b[0mDescription is required\u001b[0m\n          \u001b[36m</div>\u001b[39m\n        \u001b[36m</div>\u001b[39m\n        \u001b[36m<div\u001b[39m\n          \u001b[33mstyle\u001b[39m=\u001b[32m\"margin-bottom: 1rem;\"\u001b[39m\n        \u001b[36m>\u001b[39m\n          \u001b[36m<label\u001b[39m\n            \u001b[33mfor\u001b[39m=\u001b[32m\"price\"\u001b[39m\n            \u001b[33mstyle\u001b[39m=\u001b[32m\"font-weight: 500;\"\u001b[39m\n          \u001b[36m>\u001b[39m\n            \u001b[0mPrice\u001b[0m\n            \u001b[0m *\u001b[0m\n          \u001b[36m</label>\u001b[39m\n          \u001b[36m<input\u001b[39m\n            \u001b[33mclass\u001b[39m=\u001b[32m\"error\"\u001b[39m\n            \u001b[33mdata-testid\u001b[39m=\u001b[32m\"price-input\"\u001b[39m\n            \u001b[33mid\u001b[39m=\u001b[32m\"price\"\u001b[39m\n            \u001b[33mmin\u001b[39m=\u001b[32m\"0.01\"\u001b[39m\n            \u001b[33mname\u001b[39m=\u001b[32m\"price\"\u001b[39m\n            \u001b[33mstep\u001b[39m=\u001b[32m\"0.01\"\u001b[39m\n            \u001b[33mtype\u001b[39m=\u001b[32m\"number\"\u001b[39m\n            \u001b[33mvalue\u001b[39m=\u001b[32m\"\"\u001b[39m\n          \u001b[36m/>\u001b[39m\n          \u001b[36m<div\u001b[39m\n            \u001b[33mclass\u001b[39m=\u001b[32m\"error\"\u001b[39m\n            \u001b[33mrole\u001b[39m=\u001b[32m\"alert\"\u001b[39m\n          \u001b[36m>\u001b[39m\n            \u001b[0mPrice is required\u001b[0m\n          \u001b[36m</div>\u001b[39m\n        \u001b[36m</div>\u001b[39m\n        \u001b[36m<div\u001b[39m\n          \u001b[33mstyle\u001b[39m=\u001b[32m\"margin-bottom: 1rem;\"\u001b[39m\n        \u001b[36m>\u001b[39m\n          \u001b[36m<label\u001b[39m\n            \u001b[33mfor\u001b[39m=\u001b[32m\"category\"\u001b[39m\n            \u001b[33mstyle\u001b[39m=\u001b[32m\"font-weight: 500;\"\u001b[39m\n          \u001b[36m>\u001b[39m\n            \u001b[0mCategory\u001b[0m\n            \u001b[0m *\u001b[0m\n          \u001b[36m</label>\u001b[39m\n          \u001b[36m<input\u001b[39m\n            \u001b[33mclass\u001b[39m=\u001b[32m\"error\"\u001b[39m\n            \u001b[33mdata-testid\u001b[39m=\u001b[32m\"category-input\"\u001b[39m\n            \u001b[33mid\u001b[39m=\u001b[32m\"category\"\u001b[39m\n            \u001b[33mname\u001b[39m=\u001b[32m\"category\"\u001b[39m\n            \u001b[33mtype\u001b[39m=\u001b[32m\"text\"\u001b[39m\n            \u001b[33mvalue\u001b[39m=\u001b[32m\"\"\u001b[39m\n          \u001b[36m/>\u001b[39m\n          \u001b[36m<div\u001b[39m\n            \u001b[33mclass\u001b[39m=\u001b[32m\"error\"\u001b[39m\n            \u001b[33mrole\u001b[39m=\u001b[32m\"alert\"\u001b[39m\n          \u001b[36m>\u001b[39m\n            \u001b[0mCategory is required\u001b[0m\n          \u001b[36m</div>\u001b[39m\n        \u001b[36m</div>\u001b[39m\n        \u001b[36m<div\u001b[39m\n          \u001b[33mstyle\u001b[39m=\u001b[32m\"margin-bottom: 1rem;\"\u001b[39m\n        \u001b[36m>\u001b[39m\n          \u001b[36m<label\u001b[39m\n            \u001b[33mfor\u001b[39m=\u001b[32m\"stockQuantity\"\u001b[39m\n            \u001b[33mstyle\u001b[39m=\u001b[32m\"font-weight: 500;\"\u001b[39m\n          \u001b[36m>\u001b[39m\n            \u001b[0mStock Quantity\u001b[0m\n            \u001b[0m *\u001b[0m\n          \u001b[36m</label>\u001b[39m\n          \u001b[36m<input\u001b[39m\n            \u001b[33mclass\u001b[39m=\u001b[32m\"error\"\u001b[39m\n            \u001b[33mdata-testid\u001b[39m=\u001b[32m\"stockQuantity-input\"\u001b[39m\n            \u001b[33mid\u001b[39m=\u001b[32m\"stockQuantity\"\u001b[39m\n            \u001b[33mmin\u001b[39m=\u001b[32m\"0\"\u001b[39m\n            \u001b[33mname\u001b[39m=\u001b[32m\"stockQuantity\"\u001b[39m\n            \u001b[33mstep\u001b[39m=\u001b[32m\"1\"\u001b[39m\n            \u001b[33mtype\u001b[39m=\u001b[32m\"number\"\u001b[39m\n            \u001b[33mvalue\u001b[39m=\u001b[32m\"\"\u001b[39m\n          \u001b[36m/>\u001b[39m\n          \u001b[36m<div\u001b[39m\n            \u001b[33mclass\u001b[39m=\u001b[32m\"error\"\u001b[39m\n            \u001b[33mrole\u001b[39m=\u001b[32m\"alert\"\u001b[39m\n          \u001b[36m>\u001b[39m\n            \u001b[0mStock Quantity is required\u001b[0m\n          \u001b[36m</div>\u001b[39m\n        \u001b[36m</div>\u001b[39m\n        \u001b[36m<div\u001b[39m\n          \u001b[33mstyle\u001b[39m=\u001b[32m\"margin-bottom: 1rem;\"\u001b[39m\n        \u001b[36m>\u001b[39m\n          \u001b[36m<label\u001b[39m\n            \u001b[33mfor\u001b[39m=\u001b[32m\"imageUrl\"\u001b[39m\n            \u001b[33mstyle\u001b[39m=\u001b[32m\"font-weight: 500;\"\u001b[39m\n          \u001b[36m>\u001b[39m\n            \u001b[0mImage URL\u001b[0m\n          \u001b[36m</label>\u001b[39m\n          \u001b[36m<input\u001b[39m\n            \u001b[33mclass\u001b[39m=\u001b[32m\"\"\u001b[39m\n            \u001b[33mdata-testid\u001b[39m=\u001b[32m\"imageUrl-input\"\u001b[39m\n            \u001b[33mid\u001b[39m=\u001b[32m\"imageUrl\"\u001b[39m\n            \u001b[33mname\u001b[39m=\u001b[32m\"imageUrl\"\u001b[39m\n            \u001b[33mtype\u001b[39m=\u001b[32m\"text\"\u001b[39m\n            \u001b[33mvalue\u001b[39m=\u001b[32m\"\"\u001b[39m\n          \u001b[36m/>\u001b[39m\n        \u001b[36m</div>\u001b[39m\n        \u001b[36m<div\u001b[39m\n          \u001b[33mstyle\u001b[39m=\u001b[32m\"display: flex; gap: 1rem;\"\u001b[39m\n        \u001b[36m>\u001b[39m\n          \u001b[36m<button\u001b[39m\n            \u001b[33mclass\u001b[39m=\u001b[32m\"btn-primary\"\u001b[39m\n            \u001b[33mdata-testid\u001b[39m=\u001b[32m\"form-save\"\u001b[39m\n            \u001b[33mtype\u001b[39m=\u001b[32m\"submit\"\u001b[39m\n          \u001b[36m>\u001b[39m\n            \u001b[0mSave\u001b[0m\n          \u001b[36m</button>\u001b[39m\n          \u001b[36m<button\u001b[39m\n            \u001b[33mclass\u001b[39m=\u001b[32m\"btn-secondary\"\u001b[39m\n            \u001b[33mtype\u001b[39m=\u001b[32m\"button\"\u001b[39m\n          \u001b[36m>\u001b[39m\n            \u001b[0mCancel\u001b[0m\n          \u001b[36m</button>\u001b[39m\n        \u001b[36m</div>\u001b[39m\n      \u001b[36m</form>\u001b[39m\n    \u001b[36m</div>\u001b[39m\n  \u001b[36m</div>\u001b[39m\n\u001b[36m</body>\u001b[39m\n    at waitForWrapper (/home/coder/project/workspace/question_generation_service/solutions/15d368e2-d5a4-49b7-b1e1-cb0ca77533c3/reactapp/node_modules/@testing-library/react/node_modules/@testing-library/dom/dist/wait-for.js:166:27)\n    at Object.<anonymous> (/home/coder/project/workspace/question_generation_service/solutions/15d368e2-d5a4-49b7-b1e1-cb0ca77533c3/reactapp/src/components/ProductForm.test.js:33:18)\n    at Promise.then.completed (/home/coder/project/workspace/question_generation_service/solutions/15d368e2-d5a4-49b7-b1e1-cb0ca77533c3/reactapp/node_modules/jest-circus/build/utils.js:391:28)\n    at new Promise (<anonymous>)\n    at callAsyncCircusFn (/home/coder/project/workspace/question_generation_service/solutions/15d368e2-d5a4-49b7-b1e1-cb0ca77533c3/reactapp/node_modules/jest-circus/build/utils.js:316:10)\n    at _callCircusTest (/home/coder/project/workspace/question_generation_service/solutions/15d368e2-d5a4-49b7-b1e1-cb0ca77533c3/reactapp/node_modules/jest-circus/build/run.js:218:40)\n    at processTicksAndRejections (node:internal/process/task_queues:95:5)\n    at _runTest (/home/coder/project/workspace/question_generation_service/solutions/15d368e2-d5a4-49b7-b1e1-cb0ca77533c3/reactapp/node_modules/jest-circus/build/run.js:155:3)\n    at _runTestsForDescribeBlock (/home/coder/project/workspace/question_generation_service/solutions/15d368e2-d5a4-49b7-b1e1-cb0ca77533c3/reactapp/node_modules/jest-circus/build/run.js:66:9)\n    at _runTestsForDescribeBlock (/home/coder/project/workspace/question_generation_service/solutions/15d368e2-d5a4-49b7-b1e1-cb0ca77533c3/reactapp/node_modules/jest-circus/build/run.js:60:9)\n    at run (/home/coder/project/workspace/question_generation_service/solutions/15d368e2-d5a4-49b7-b1e1-cb0ca77533c3/reactapp/node_modules/jest-circus/build/run.js:25:3)\n    at runAndTransformResultsToJestFormat (/home/coder/project/workspace/question_generation_service/solutions/15d368e2-d5a4-49b7-b1e1-cb0ca77533c3/reactapp/node_modules/jest-circus/build/legacy-code-todo-rewrite/jestAdapterInit.js:170:21)\n    at jestAdapter (/home/coder/project/workspace/question_generation_service/solutions/15d368e2-d5a4-49b7-b1e1-cb0ca77533c3/reactapp/node_modules/jest-circus/build/legacy-code-todo-rewrite/jestAdapter.js:68:19)\n    at runTestInternal (/home/coder/project/workspace/question_generation_service/solutions/15d368e2-d5a4-49b7-b1e1-cb0ca77533c3/reactapp/node_modules/jest-runner/build/runTest.js:389:16)\n    at runTest (/home/coder/project/workspace/question_generation_service/solutions/15d368e2-d5a4-49b7-b1e1-cb0ca77533c3/reactapp/node_modules/jest-runner/build/runTest.js:475:34)\n    at Object.worker (/home/coder/project/workspace/question_generation_service/solutions/15d368e2-d5a4-49b7-b1e1-cb0ca77533c3/reactapp/node_modules/jest-runner/build/testWorker.js:133:12)"],"fullName":"ProductForm shows validation and disables save on error","location":null,"status":"failed","title":"shows validation and disables save on error"},{"ancestorTitles":["ProductForm"],"failureMessages":[],"fullName":"ProductForm calls API with valid data and calls onSave","location":null,"status":"passed","title":"calls API with valid data and calls onSave"},{"ancestorTitles":["ProductForm"],"failureMessages":[],"fullName":"ProductForm shows server error on save failure","location":null,"status":"passed","title":"shows server error on save failure"}],"endTime":1753342016045,"message":"  ● ProductForm › shows validation and disables save on error\n\n    Found multiple elements with the text: /required/i\n\n    Here are the matching elements:\n\n    Ignored nodes: comments, script, style\n    \u001b[36m<div\u001b[39m\n      \u001b[33mclass\u001b[39m=\u001b[32m\"error\"\u001b[39m\n      \u001b[33mrole\u001b[39m=\u001b[32m\"alert\"\u001b[39m\n    \u001b[36m>\u001b[39m\n      \u001b[0mName is required\u001b[0m\n    \u001b[36m</div>\u001b[39m\n\n    Ignored nodes: comments, script, style\n    \u001b[36m<div\u001b[39m\n      \u001b[33mclass\u001b[39m=\u001b[32m\"error\"\u001b[39m\n      \u001b[33mrole\u001b[39m=\u001b[32m\"alert\"\u001b[39m\n    \u001b[36m>\u001b[39m\n      \u001b[0mDescription is required\u001b[0m\n    \u001b[36m</div>\u001b[39m\n\n    Ignored nodes: comments, script, style\n    \u001b[36m<div\u001b[39m\n      \u001b[33mclass\u001b[39m=\u001b[32m\"error\"\u001b[39m\n      \u001b[33mrole\u001b[39m=\u001b[32m\"alert\"\u001b[39m\n    \u001b[36m>\u001b[39m\n      \u001b[0mPrice is required\u001b[0m\n    \u001b[36m</div>\u001b[39m\n\n    Ignored nodes: comments, script, style\n    \u001b[36m<div\u001b[39m\n      \u001b[33mclass\u001b[39m=\u001b[32m\"error\"\u001b[39m\n      \u001b[33mrole\u001b[39m=\u001b[32m\"alert\"\u001b[39m\n    \u001b[36m>\u001b[39m\n      \u001b[0mCategory is required\u001b[0m\n    \u001b[36m</div>\u001b[39m\n\n    Ignored nodes: comments, script, style\n    \u001b[36m<div\u001b[39m\n      \u001b[33mclass\u001b[39m=\u001b[32m\"error\"\u001b[39m\n      \u001b[33mrole\u001b[39m=\u001b[32m\"alert\"\u001b[39m\n    \u001b[36m>\u001b[39m\n      \u001b[0mStock Quantity is required\u001b[0m\n    \u001b[36m</div>\u001b[39m\n\n    (If this is intentional, then use the `*AllBy*` variant of the query (like `queryAllByText`, `getAllByText`, or `findAllByText`)).\n\n    Ignored nodes: comments, script, style\n    \u001b[36m<body>\u001b[39m\n      \u001b[36m<div>\u001b[39m\n        \u001b[36m<div\u001b[39m\n          \u001b[33mclass\u001b[39m=\u001b[32m\"form-container\"\u001b[39m\n        \u001b[36m>\u001b[39m\n          \u001b[36m<h2>\u001b[39m\n            \u001b[0mCreate Product\u001b[0m\n          \u001b[36m</h2>\u001b[39m\n          \u001b[36m<form\u001b[39m\n            \u001b[33mautocomplete\u001b[39m=\u001b[32m\"off\"\u001b[39m\n            \u001b[33mnovalidate\u001b[39m=\u001b[32m\"\"\u001b[39m\n          \u001b[36m>\u001b[39m\n            \u001b[36m<div\u001b[39m\n              \u001b[33mstyle\u001b[39m=\u001b[32m\"margin-bottom: 1rem;\"\u001b[39m\n            \u001b[36m>\u001b[39m\n              \u001b[36m<label\u001b[39m\n                \u001b[33mfor\u001b[39m=\u001b[32m\"name\"\u001b[39m\n                \u001b[33mstyle\u001b[39m=\u001b[32m\"font-weight: 500;\"\u001b[39m\n              \u001b[36m>\u001b[39m\n                \u001b[0mName\u001b[0m\n                \u001b[0m *\u001b[0m\n              \u001b[36m</label>\u001b[39m\n              \u001b[36m<input\u001b[39m\n                \u001b[33mclass\u001b[39m=\u001b[32m\"error\"\u001b[39m\n                \u001b[33mdata-testid\u001b[39m=\u001b[32m\"name-input\"\u001b[39m\n                \u001b[33mid\u001b[39m=\u001b[32m\"name\"\u001b[39m\n                \u001b[33mname\u001b[39m=\u001b[32m\"name\"\u001b[39m\n                \u001b[33mtype\u001b[39m=\u001b[32m\"text\"\u001b[39m\n                \u001b[33mvalue\u001b[39m=\u001b[32m\"\"\u001b[39m\n              \u001b[36m/>\u001b[39m\n              \u001b[36m<div\u001b[39m\n                \u001b[33mclass\u001b[39m=\u001b[32m\"error\"\u001b[39m\n                \u001b[33mrole\u001b[39m=\u001b[32m\"alert\"\u001b[39m\n              \u001b[36m>\u001b[39m\n                \u001b[0mName is required\u001b[0m\n              \u001b[36m</div>\u001b[39m\n            \u001b[36m</div>\u001b[39m\n            \u001b[36m<div\u001b[39m\n              \u001b[33mstyle\u001b[39m=\u001b[32m\"margin-bottom: 1rem;\"\u001b[39m\n            \u001b[36m>\u001b[39m\n              \u001b[36m<label\u001b[39m\n                \u001b[33mfor\u001b[39m=\u001b[32m\"description\"\u001b[39m\n                \u001b[33mstyle\u001b[39m=\u001b[32m\"font-weight: 500;\"\u001b[39m\n              \u001b[36m>\u001b[39m\n                \u001b[0mDescription\u001b[0m\n                \u001b[0m *\u001b[0m\n              \u001b[36m</label>\u001b[39m\n              \u001b[36m<input\u001b[39m\n                \u001b[33mclass\u001b[39m=\u001b[32m\"error\"\u001b[39m\n                \u001b[33mdata-testid\u001b[39m=\u001b[32m\"description-input\"\u001b[39m\n                \u001b[33mid\u001b[39m=\u001b[32m\"description\"\u001b[39m\n                \u001b[33mname\u001b[39m=\u001b[32m\"description\"\u001b[39m\n                \u001b[33mtype\u001b[39m=\u001b[32m\"text\"\u001b[39m\n                \u001b[33mvalue\u001b[39m=\u001b[32m\"\"\u001b[39m\n              \u001b[36m/>\u001b[39m\n              \u001b[36m<div\u001b[39m\n                \u001b[33mclass\u001b[39m=\u001b[32m\"error\"\u001b[39m\n                \u001b[33mrole\u001b[39m=\u001b[32m\"alert\"\u001b[39m\n              \u001b[36m>\u001b[39m\n                \u001b[0mDescription is required\u001b[0m\n              \u001b[36m</div>\u001b[39m\n            \u001b[36m</div>\u001b[39m\n            \u001b[36m<div\u001b[39m\n              \u001b[33mstyle\u001b[39m=\u001b[32m\"margin-bottom: 1rem;\"\u001b[39m\n            \u001b[36m>\u001b[39m\n              \u001b[36m<label\u001b[39m\n                \u001b[33mfor\u001b[39m=\u001b[32m\"price\"\u001b[39m\n                \u001b[33mstyle\u001b[39m=\u001b[32m\"font-weight: 500;\"\u001b[39m\n              \u001b[36m>\u001b[39m\n                \u001b[0mPrice\u001b[0m\n                \u001b[0m *\u001b[0m\n              \u001b[36m</label>\u001b[39m\n              \u001b[36m<input\u001b[39m\n                \u001b[33mclass\u001b[39m=\u001b[32m\"error\"\u001b[39m\n                \u001b[33mdata-testid\u001b[39m=\u001b[32m\"price-input\"\u001b[39m\n                \u001b[33mid\u001b[39m=\u001b[32m\"price\"\u001b[39m\n                \u001b[33mmin\u001b[39m=\u001b[32m\"0.01\"\u001b[39m\n                \u001b[33mname\u001b[39m=\u001b[32m\"price\"\u001b[39m\n                \u001b[33mstep\u001b[39m=\u001b[32m\"0.01\"\u001b[39m\n                \u001b[33mtype\u001b[39m=\u001b[32m\"number\"\u001b[39m\n                \u001b[33mvalue\u001b[39m=\u001b[32m\"\"\u001b[39m\n              \u001b[36m/>\u001b[39m\n              \u001b[36m<div\u001b[39m\n                \u001b[33mclass\u001b[39m=\u001b[32m\"error\"\u001b[39m\n                \u001b[33mrole\u001b[39m=\u001b[32m\"alert\"\u001b[39m\n              \u001b[36m>\u001b[39m\n                \u001b[0mPrice is required\u001b[0m\n              \u001b[36m</div>\u001b[39m\n            \u001b[36m</div>\u001b[39m\n            \u001b[36m<div\u001b[39m\n              \u001b[33mstyle\u001b[39m=\u001b[32m\"margin-bottom: 1rem;\"\u001b[39m\n            \u001b[36m>\u001b[39m\n              \u001b[36m<label\u001b[39m\n                \u001b[33mfor\u001b[39m=\u001b[32m\"category\"\u001b[39m\n                \u001b[33mstyle\u001b[39m=\u001b[32m\"font-weight: 500;\"\u001b[39m\n              \u001b[36m>\u001b[39m\n                \u001b[0mCategory\u001b[0m\n                \u001b[0m *\u001b[0m\n              \u001b[36m</label>\u001b[39m\n              \u001b[36m<input\u001b[39m\n                \u001b[33mclass\u001b[39m=\u001b[32m\"error\"\u001b[39m\n                \u001b[33mdata-testid\u001b[39m=\u001b[32m\"category-input\"\u001b[39m\n                \u001b[33mid\u001b[39m=\u001b[32m\"category\"\u001b[39m\n                \u001b[33mname\u001b[39m=\u001b[32m\"category\"\u001b[39m\n                \u001b[33mtype\u001b[39m=\u001b[32m\"text\"\u001b[39m\n                \u001b[33mvalue\u001b[39m=\u001b[32m\"\"\u001b[39m\n              \u001b[36m/>\u001b[39m\n              \u001b[36m<div\u001b[39m\n                \u001b[33mclass\u001b[39m=\u001b[32m\"error\"\u001b[39m\n                \u001b[33mrole\u001b[39m=\u001b[32m\"alert\"\u001b[39m\n              \u001b[36m>\u001b[39m\n                \u001b[0mCategory is required\u001b[0m\n              \u001b[36m</div>\u001b[39m\n            \u001b[36m</div>\u001b[39m\n            \u001b[36m<div\u001b[39m\n              \u001b[33mstyle\u001b[39m=\u001b[32m\"margin-bottom: 1rem;\"\u001b[39m\n            \u001b[36m>\u001b[39m\n              \u001b[36m<label\u001b[39m\n                \u001b[33mfor\u001b[39m=\u001b[32m\"stockQuantity\"\u001b[39m\n                \u001b[33mstyle\u001b[39m=\u001b[32m\"font-weight: 500;\"\u001b[39m\n              \u001b[36m>\u001b[39m\n                \u001b[0mStock Quantity\u001b[0m\n                \u001b[0m *\u001b[0m\n              \u001b[36m</label>\u001b[39m\n              \u001b[36m<input\u001b[39m\n                \u001b[33mclass\u001b[39m=\u001b[32m\"error\"\u001b[39m\n                \u001b[33mdata-testid\u001b[39m=\u001b[32m\"stockQuantity-input\"\u001b[39m\n                \u001b[33mid\u001b[39m=\u001b[32m\"stockQuantity\"\u001b[39m\n                \u001b[33mmin\u001b[39m=\u001b[32m\"0\"\u001b[39m\n                \u001b[33mname\u001b[39m=\u001b[32m\"stockQuantity\"\u001b[39m\n                \u001b[33mstep\u001b[39m=\u001b[32m\"1\"\u001b[39m\n                \u001b[33mtype\u001b[39m=\u001b[32m\"number\"\u001b[39m\n                \u001b[33mvalue\u001b[39m=\u001b[32m\"\"\u001b[39m\n              \u001b[36m/>\u001b[39m\n              \u001b[36m<div\u001b[39m\n                \u001b[33mclass\u001b[39m=\u001b[32m\"error\"\u001b[39m\n                \u001b[33mrole\u001b[39m=\u001b[32m\"alert\"\u001b[39m\n              \u001b[36m>\u001b[39m\n                \u001b[0mStock Quantity is required\u001b[0m\n              \u001b[36m</div>\u001b[39m\n            \u001b[36m</div>\u001b[39m\n            \u001b[36m<div\u001b[39m\n              \u001b[33mstyle\u001b[39m=\u001b[32m\"margin-bottom: 1rem;\"\u001b[39m\n            \u001b[36m>\u001b[39m\n              \u001b[36m<label\u001b[39m\n                \u001b[33mfor\u001b[39m=\u001b[32m\"imageUrl\"\u001b[39m\n                \u001b[33mstyle\u001b[39m=\u001b[32m\"font-weight: 500;\"\u001b[39m\n              \u001b[36m>\u001b[39m\n                \u001b[0mImage URL\u001b[0m\n              \u001b[36m</label>\u001b[39m\n              \u001b[36m<input\u001b[39m\n                \u001b[33mclass\u001b[39m=\u001b[32m\"\"\u001b[39m\n                \u001b[33mdata-testid\u001b[39m=\u001b[32m\"imageUrl-input\"\u001b[39m\n                \u001b[33mid\u001b[39m=\u001b[32m\"imageUrl\"\u001b[39m\n                \u001b[33mname\u001b[39m=\u001b[32m\"imageUrl\"\u001b[39m\n                \u001b[33mtype\u001b[39m=\u001b[32m\"text\"\u001b[39m\n                \u001b[33mvalue\u001b[39m=\u001b[32m\"\"\u001b[39m\n              \u001b[36m/>\u001b[39m\n            \u001b[36m</div>\u001b[39m\n            \u001b[36m<div\u001b[39m\n              \u001b[33mstyle\u001b[39m=\u001b[32m\"display: flex; gap: 1rem;\"\u001b[39m\n            \u001b[36m>\u001b[39m\n              \u001b[36m<button\u001b[39m\n                \u001b[33mclass\u001b[39m=\u001b[32m\"btn-primary\"\u001b[39m\n                \u001b[33mdata-testid\u001b[39m=\u001b[32m\"form-save\"\u001b[39m\n                \u001b[33mtype\u001b[39m=\u001b[32m\"submit\"\u001b[39m\n              \u001b[36m>\u001b[39m\n                \u001b[0mSave\u001b[0m\n              \u001b[36m</button>\u001b[39m\n              \u001b[36m<button\u001b[39m\n                \u001b[33mclass\u001b[39m=\u001b[32m\"btn-secondary\"\u001b[39m\n                \u001b[33mtype\u001b[39m=\u001b[32m\"button\"\u001b[39m\n              \u001b[36m>\u001b[39m\n                \u001b[0mCancel\u001b[0m\n              \u001b[36m</button>\u001b[39m\n            \u001b[36m</div>\u001b[39m\n          \u001b[36m</form>\u001b[39m\n        \u001b[36m</div>\u001b[39m\n      \u001b[36m</div>\u001b[39m\n    \u001b[36m</body>\u001b[39m\n\n      31 |     render(<ProductForm onSave={()=>{}} onCancel={()=>{}} />);\n      32 |     fireEvent.click(screen.getByTestId('form-save'));\n    > 33 |     await waitFor(() => {\n         |                  ^\n      34 |       expect(screen.getByText(/required/i)).toBeInTheDocument();\n      35 |     });\n      36 |     // Fill invalid price\n\n      at waitForWrapper (node_modules/@testing-library/react/node_modules/@testing-library/dom/dist/wait-for.js:166:27)\n      at Object.<anonymous> (src/components/ProductForm.test.js:33:18)\n","name":"/home/coder/project/workspace/question_generation_service/solutions/15d368e2-d5a4-49b7-b1e1-cb0ca77533c3/reactapp/src/components/ProductForm.test.js","startTime":1753342002479,"status":"failed","summary":""}],"wasInterrupted":false}